<?xml version="1.0" encoding="UTF-8"?>
<testsuite name="com.mygdx.tests.BasicConstructorTests.StationTests.CookingStationsTest" tests="1" skipped="0" failures="0" errors="0" timestamp="2023-04-08T17:40:22" hostname="BAILEY-LAPTOP" time="0.016">
  <properties/>
  <testcase name="testAllConstructors" classname="com.mygdx.tests.BasicConstructorTests.StationTests.CookingStationsTest" time="0.016"/>
  <system-out><![CDATA[]]></system-out>
  <system-err><![CDATA[]]></system-err>
</testsuite>
