<?xml version="1.0" encoding="UTF-8"?>
<testsuite name="com.mygdx.tests.BasicConstructorTests.SpecialStationsTests.CustomerCounterTest" tests="1" skipped="0" failures="0" errors="0" timestamp="2023-04-27T17:14:57" hostname="DESKTOP-R9TCM35" time="0.044">
  <properties/>
  <testcase name="testConstructor" classname="com.mygdx.tests.BasicConstructorTests.SpecialStationsTests.CustomerCounterTest" time="0.044"/>
  <system-out><![CDATA[]]></system-out>
  <system-err><![CDATA[]]></system-err>
</testsuite>
