<?xml version="1.0" encoding="UTF-8"?>
<testsuite name="com.mygdx.tests.BasicConstructorTests.IngredientTests.IngredientTest" tests="2" skipped="0" failures="0" errors="0" timestamp="2023-04-27T17:14:56" hostname="DESKTOP-R9TCM35" time="0.016">
  <properties/>
  <testcase name="testIngredientNames" classname="com.mygdx.tests.BasicConstructorTests.IngredientTests.IngredientTest" time="0.0"/>
  <testcase name="testAssembledFoodNames" classname="com.mygdx.tests.BasicConstructorTests.IngredientTests.IngredientTest" time="0.0"/>
  <system-out><![CDATA[]]></system-out>
  <system-err><![CDATA[]]></system-err>
</testsuite>
