<?xml version="1.0" encoding="UTF-8"?>
<testsuite name="com.mygdx.tests.BasicConstructorTests.SpecialStationsTests.BinTest" tests="2" skipped="0" failures="0" errors="0" timestamp="2023-04-08T17:40:21" hostname="BAILEY-LAPTOP" time="0.068">
  <properties/>
  <testcase name="testHandleInteraction" classname="com.mygdx.tests.BasicConstructorTests.SpecialStationsTests.BinTest" time="0.028"/>
  <testcase name="testConstructor" classname="com.mygdx.tests.BasicConstructorTests.SpecialStationsTests.BinTest" time="0.023"/>
  <system-out><![CDATA[POPPED BURGER FROM CHEF STACK
POPPED BUNS_TOASTED FROM CHEF STACK
]]></system-out>
  <system-err><![CDATA[]]></system-err>
</testsuite>
