<?xml version="1.0" encoding="UTF-8"?>
<testsuite name="com.mygdx.tests.RequirementTests.LoseRepTest" tests="1" skipped="0" failures="0" errors="0" timestamp="2023-04-08T17:40:22" hostname="BAILEY-LAPTOP" time="0.012">
  <properties/>
  <testcase name="testRepLoss" classname="com.mygdx.tests.RequirementTests.LoseRepTest" time="0.012"/>
  <system-out><![CDATA[]]></system-out>
  <system-err><![CDATA[]]></system-err>
</testsuite>
