<?xml version="1.0" encoding="UTF-8"?>
<testsuite name="com.mygdx.tests.BasicConstructorTests.SpecialStationsTests.CounterTest" tests="2" skipped="0" failures="0" errors="0" timestamp="2023-04-08T17:40:22" hostname="BAILEY-LAPTOP" time="0.064">
  <properties/>
  <testcase name="testHandleInteraction" classname="com.mygdx.tests.BasicConstructorTests.SpecialStationsTests.CounterTest" time="0.017"/>
  <testcase name="testConstructor" classname="com.mygdx.tests.BasicConstructorTests.SpecialStationsTests.CounterTest" time="0.03"/>
  <system-out><![CDATA[POPPED CHEESE FROM CHEF STACK
]]></system-out>
  <system-err><![CDATA[]]></system-err>
</testsuite>
