<?xml version="1.0" encoding="UTF-8"?>
<testsuite name="com.mygdx.tests.BasicConstructorTests.CustomerPlayerTests.PlayerTest" tests="1" skipped="0" failures="0" errors="0" timestamp="2023-04-21T10:17:01" hostname="BAILEY-LAPTOP" time="0.103">
  <properties/>
  <testcase name="testMovement" classname="com.mygdx.tests.BasicConstructorTests.CustomerPlayerTests.PlayerTest" time="0.103"/>
  <system-out><![CDATA[175.0
175.40663
]]></system-out>
  <system-err><![CDATA[]]></system-err>
</testsuite>
