<?xml version="1.0" encoding="UTF-8"?>
<testsuite name="com.mygdx.tests.BasicConstructorTests.CustomerPlayerTests.PlayerTest" tests="2" skipped="0" failures="0" errors="0" timestamp="2023-04-27T17:14:56" hostname="DESKTOP-R9TCM35" time="0.12">
  <properties/>
  <testcase name="testMovement" classname="com.mygdx.tests.BasicConstructorTests.CustomerPlayerTests.PlayerTest" time="0.049"/>
  <testcase name="testConstructor" classname="com.mygdx.tests.BasicConstructorTests.CustomerPlayerTests.PlayerTest" time="0.054"/>
  <system-out><![CDATA[175.0
200.0
0.0
]]></system-out>
  <system-err><![CDATA[]]></system-err>
</testsuite>
