<?xml version="1.0" encoding="UTF-8"?>
<testsuite name="com.mygdx.tests.BasicConstructorTests.StationTests.CookingStationsTest" tests="1" skipped="0" failures="0" errors="0" timestamp="2023-04-27T17:14:57" hostname="DESKTOP-R9TCM35" time="0.05">
  <properties/>
  <testcase name="testAllConstructors" classname="com.mygdx.tests.BasicConstructorTests.StationTests.CookingStationsTest" time="0.05"/>
  <system-out><![CDATA[]]></system-out>
  <system-err><![CDATA[]]></system-err>
</testsuite>
