<?xml version="1.0" encoding="UTF-8"?>
<testsuite name="com.mygdx.tests.BasicConstructorTests.StationTests.BurgerStationTest" tests="3" skipped="0" failures="0" errors="0" timestamp="2023-04-27T17:14:57" hostname="DESKTOP-R9TCM35" time="0.3">
  <properties/>
  <testcase name="testOutputIngredient" classname="com.mygdx.tests.BasicConstructorTests.StationTests.BurgerStationTest" time="0.065"/>
  <testcase name="testBurgerStationCreation" classname="com.mygdx.tests.BasicConstructorTests.StationTests.BurgerStationTest" time="0.18"/>
  <testcase name="testSetRecipe" classname="com.mygdx.tests.BasicConstructorTests.StationTests.BurgerStationTest" time="0.054"/>
  <system-out><![CDATA[]]></system-out>
  <system-err><![CDATA[]]></system-err>
</testsuite>
