<?xml version="1.0" encoding="UTF-8"?>
<testsuite name="com.mygdx.tests.IngredientTests.IngredientTest" tests="2" skipped="0" failures="0" errors="0" timestamp="2023-03-29T15:04:59" hostname="BAILEY-LAPTOP" time="0.017">
  <properties/>
  <testcase name="testIngredientNames" classname="com.mygdx.tests.IngredientTests.IngredientTest" time="0.0"/>
  <testcase name="testAssembledFoodNames" classname="com.mygdx.tests.IngredientTests.IngredientTest" time="0.0"/>
  <system-out><![CDATA[]]></system-out>
  <system-err><![CDATA[]]></system-err>
</testsuite>
