<?xml version="1.0" encoding="UTF-8"?>
<testsuite name="com.mygdx.tests.RequirementTests.Chef_SwapTest" tests="1" skipped="0" failures="0" errors="0" timestamp="2023-04-21T10:27:29" hostname="BAILEY-LAPTOP" time="0.016">
  <properties/>
  <testcase name="testPlayerCollision" classname="com.mygdx.tests.RequirementTests.Chef_SwapTest" time="0.016"/>
  <system-out><![CDATA[POPPED PATTY_RAW FROM CHEF STACK
true
true
]]></system-out>
  <system-err><![CDATA[]]></system-err>
</testsuite>
