<?xml version="1.0" encoding="UTF-8"?>
<testsuite name="com.mygdx.tests.RequirementTests.Chef_InteractionTest" tests="1" skipped="0" failures="0" errors="0" timestamp="2023-04-27T17:14:58" hostname="DESKTOP-R9TCM35" time="0.043">
  <properties/>
  <testcase name="testChefInteraction" classname="com.mygdx.tests.RequirementTests.Chef_InteractionTest" time="0.043"/>
  <system-out><![CDATA[POPPED PATTY_RAW FROM CHEF STACK
com.mygdx.game.interact.ingredient_stations.PattyStation@70874d0b
POPPED PATTY_COOKED FROM CHEF STACK
0
POPPED BUNS_TOASTED FROM CHEF STACK
com.mygdx.game.interact.special_stations.assembly_stations.BurgerStation@7af81417
POPPED PATTY_COOKED FROM CHEF STACK
POPPED BUNS_TOASTED FROM CHEF STACK
com.mygdx.game.interact.special_stations.assembly_stations.BurgerStation@7af81417
]]></system-out>
  <system-err><![CDATA[]]></system-err>
</testsuite>
