<?xml version="1.0" encoding="UTF-8"?>
<testsuite name="com.mygdx.tests.BasicConstructorTests.CustomerPlayerTests.PlayerTest" tests="2" skipped="0" failures="0" errors="0" timestamp="2023-04-21T10:27:28" hostname="BAILEY-LAPTOP" time="0.143">
  <properties/>
  <testcase name="testMovement" classname="com.mygdx.tests.BasicConstructorTests.CustomerPlayerTests.PlayerTest" time="0.091"/>
  <testcase name="testConstructor" classname="com.mygdx.tests.BasicConstructorTests.CustomerPlayerTests.PlayerTest" time="0.034"/>
  <system-out><![CDATA[175.0
175.37
]]></system-out>
  <system-err><![CDATA[]]></system-err>
</testsuite>
