<?xml version="1.0" encoding="UTF-8"?>
<testsuite name="com.mygdx.tests.SpecialStationsTests.CustomerCounterTest" tests="1" skipped="0" failures="0" errors="0" timestamp="2023-03-29T15:04:59" hostname="BAILEY-LAPTOP" time="0.038">
  <properties/>
  <testcase name="testConstructor" classname="com.mygdx.tests.SpecialStationsTests.CustomerCounterTest" time="0.038"/>
  <system-out><![CDATA[]]></system-out>
  <system-err><![CDATA[]]></system-err>
</testsuite>
