<?xml version="1.0" encoding="UTF-8"?>
<testsuite name="com.mygdx.tests.BurgerStationTest" tests="3" skipped="0" failures="0" errors="0" timestamp="2023-03-28T22:41:35" hostname="BAILEY-LAPTOP" time="0.092">
  <properties/>
  <testcase name="testOutputIngredient" classname="com.mygdx.tests.BurgerStationTest" time="0.018"/>
  <testcase name="testBurgerStationCreation" classname="com.mygdx.tests.BurgerStationTest" time="0.015"/>
  <testcase name="testSetRecipe" classname="com.mygdx.tests.BurgerStationTest" time="0.023"/>
  <system-out><![CDATA[]]></system-out>
  <system-err><![CDATA[]]></system-err>
</testsuite>
