<?xml version="1.0" encoding="UTF-8"?>
<testsuite name="com.mygdx.tests.BasicConstructorTests.IngredientTests.IngredientStationsTest" tests="1" skipped="0" failures="0" errors="0" timestamp="2023-04-08T17:40:21" hostname="BAILEY-LAPTOP" time="0.029">
  <properties/>
  <testcase name="testAllConstructors" classname="com.mygdx.tests.BasicConstructorTests.IngredientTests.IngredientStationsTest" time="0.029"/>
  <system-out><![CDATA[]]></system-out>
  <system-err><![CDATA[]]></system-err>
</testsuite>
