<?xml version="1.0" encoding="UTF-8"?>
<testsuite name="com.mygdx.tests.RequirementTests.Chef_InteractionTest" tests="1" skipped="0" failures="0" errors="0" timestamp="2023-04-07T19:23:56" hostname="BAILEY-LAPTOP" time="0.051">
  <properties/>
  <testcase name="testChefInteration" classname="com.mygdx.tests.RequirementTests.Chef_InteractionTest" time="0.051"/>
  <system-out><![CDATA[
==============================
INTERACTION ATTEMPTED
Chef has ingredient PATTY_RAW
POPPED PATTY_RAW FROM CHEF STACK
INTERACTION ENDED
true
false

==============================
INTERACTION ATTEMPTED
Chef has ingredient NULL_INGREDIENT
INTERACTION ENDED

==============================
INTERACTION ATTEMPTED
POPPED BUNS_UNTOASTED FROM CHEF STACK
INTERACTION ENDED
com.mygdx.game.interact.special_stations.Counter@4c07a302

==============================
INTERACTION ATTEMPTED
INTERACTION ENDED

==============================
INTERACTION ATTEMPTED
POPPED BUNS_TOASTED FROM CHEF STACK
INTERACTION ENDED

==============================
INTERACTION ATTEMPTED
POPPED PATTY_COOKED FROM CHEF STACK
INTERACTION ENDED

==============================
INTERACTION ATTEMPTED
POPPED BUNS_TOASTED FROM CHEF STACK
INTERACTION ENDED
com.mygdx.game.interact.special_stations.assembly_stations.BurgerStation@3b98f0d7

==============================
INTERACTION ATTEMPTED
INTERACTION ENDED
]]></system-out>
  <system-err><![CDATA[]]></system-err>
</testsuite>
