<?xml version="1.0" encoding="UTF-8"?>
<testsuite name="com.mygdx.tests.SpecialStationsTests.BinTest" tests="2" skipped="0" failures="0" errors="0" timestamp="2023-03-29T15:04:59" hostname="BAILEY-LAPTOP" time="0.07">
  <properties/>
  <testcase name="testHandleInteraction" classname="com.mygdx.tests.SpecialStationsTests.BinTest" time="0.036"/>
  <testcase name="testConstructor" classname="com.mygdx.tests.SpecialStationsTests.BinTest" time="0.017"/>
  <system-out><![CDATA[POPPED BURGER FROM CHEF STACK
POPPED BUNS_TOASTED FROM CHEF STACK
]]></system-out>
  <system-err><![CDATA[]]></system-err>
</testsuite>
