<?xml version="1.0" encoding="UTF-8"?>
<testsuite name="com.mygdx.tests.CustomerTest" tests="1" skipped="0" failures="0" errors="0" timestamp="2023-03-23T17:45:59" hostname="BAILEY-LAPTOP" time="0.035">
  <properties/>
  <testcase name="testConstructor" classname="com.mygdx.tests.CustomerTest" time="0.035"/>
  <system-out><![CDATA[]]></system-out>
  <system-err><![CDATA[]]></system-err>
</testsuite>
