<?xml version="1.0" encoding="UTF-8"?>
<testsuite name="com.mygdx.tests.RequirementTests.BurnTest" tests="2" skipped="0" failures="0" errors="0" timestamp="2023-04-21T10:27:29" hostname="BAILEY-LAPTOP" time="0.051">
  <properties/>
  <testcase name="testBurnPatty" classname="com.mygdx.tests.RequirementTests.BurnTest" time="0.018"/>
  <testcase name="testBurnBun" classname="com.mygdx.tests.RequirementTests.BurnTest" time="0.016"/>
  <system-out><![CDATA[POPPED PATTY_RAW FROM CHEF STACK
POPPED BUNS_UNTOASTED FROM CHEF STACK
]]></system-out>
  <system-err><![CDATA[]]></system-err>
</testsuite>
