<?xml version="1.0" encoding="UTF-8"?>
<testsuite name="com.mygdx.tests.CounterTest" tests="2" skipped="0" failures="0" errors="0" timestamp="2023-03-28T22:41:35" hostname="BAILEY-LAPTOP" time="0.03">
  <properties/>
  <testcase name="testHandleInteraction" classname="com.mygdx.tests.CounterTest" time="0.015"/>
  <testcase name="testConstructor" classname="com.mygdx.tests.CounterTest" time="0.014"/>
  <system-out><![CDATA[POPPED CHEESE FROM CHEF STACK
]]></system-out>
  <system-err><![CDATA[]]></system-err>
</testsuite>
