<?xml version="1.0" encoding="UTF-8"?>
<testsuite name="com.mygdx.tests.BasicConstructorTests.CustomerPlayerTests.CustomerTest" tests="1" skipped="0" failures="0" errors="0" timestamp="2023-04-21T10:27:28" hostname="BAILEY-LAPTOP" time="0.022">
  <properties/>
  <testcase name="testConstructor" classname="com.mygdx.tests.BasicConstructorTests.CustomerPlayerTests.CustomerTest" time="0.022"/>
  <system-out><![CDATA[]]></system-out>
  <system-err><![CDATA[]]></system-err>
</testsuite>
