<?xml version="1.0" encoding="UTF-8"?>
<testsuite name="com.mygdx.tests.BasicConstructorTests.StationTests.SaladStationTest" tests="3" skipped="0" failures="0" errors="0" timestamp="2023-04-08T17:40:22" hostname="BAILEY-LAPTOP" time="0.046">
  <properties/>
  <testcase name="testSaladStationCreation" classname="com.mygdx.tests.BasicConstructorTests.StationTests.SaladStationTest" time="0.014"/>
  <testcase name="testOutputIngredient" classname="com.mygdx.tests.BasicConstructorTests.StationTests.SaladStationTest" time="0.014"/>
  <testcase name="testSetRecipe" classname="com.mygdx.tests.BasicConstructorTests.StationTests.SaladStationTest" time="0.013"/>
  <system-out><![CDATA[]]></system-out>
  <system-err><![CDATA[]]></system-err>
</testsuite>
