<?xml version="1.0" encoding="UTF-8"?>
<testsuite name="com.mygdx.tests.RequirementTests.LoseRepTest" tests="1" skipped="0" failures="0" errors="0" timestamp="2023-04-27T17:14:58" hostname="DESKTOP-R9TCM35" time="0.041">
  <properties/>
  <testcase name="testRepLoss" classname="com.mygdx.tests.RequirementTests.LoseRepTest" time="0.041"/>
  <system-out><![CDATA[]]></system-out>
  <system-err><![CDATA[]]></system-err>
</testsuite>
